<?xml version="1.0" encoding="UTF-8"?>
<testsuite name="HeroTest" tests="1" skipped="0" failures="0" errors="0" timestamp="2023-08-14T22:23:13" hostname="CAROLINE-LAPTOP" time="0.037">
  <properties/>
  <testcase name="validateSquadMaxIsNotExceeded()" classname="HeroTest" time="0.037"/>
  <system-out><![CDATA[]]></system-out>
  <system-err><![CDATA[]]></system-err>
</testsuite>
