<?xml version="1.0" encoding="UTF-8"?>
<testsuite name="HeroTest" tests="1" skipped="0" failures="0" errors="0" timestamp="2023-08-14T13:50:19" hostname="CAROLINE-LAPTOP" time="0.03">
  <properties/>
  <testcase name="HeroScoreForSupport()" classname="HeroTest" time="0.03"/>
  <system-out><![CDATA[]]></system-out>
  <system-err><![CDATA[]]></system-err>
</testsuite>
