<?xml version="1.0" encoding="UTF-8"?>
<testsuite name="SquadTest" tests="1" skipped="0" failures="0" errors="0" timestamp="2023-08-13T20:51:25" hostname="CAROLINE-LAPTOP" time="0.054">
  <properties/>
  <testcase name="InstanceofSquad()" classname="SquadTest" time="0.054"/>
  <system-out><![CDATA[]]></system-out>
  <system-err><![CDATA[]]></system-err>
</testsuite>
