<?xml version="1.0" encoding="UTF-8"?>
<testsuite name="HeroTest" tests="1" skipped="0" failures="0" errors="0" timestamp="2023-08-14T13:27:58" hostname="CAROLINE-LAPTOP" time="0.062">
  <properties/>
  <testcase name="InstanceofHero()" classname="HeroTest" time="0.062"/>
  <system-out><![CDATA[]]></system-out>
  <system-err><![CDATA[]]></system-err>
</testsuite>
