<?xml version="1.0" encoding="UTF-8"?>
<testsuite name="HeroTest" tests="1" skipped="0" failures="0" errors="0" timestamp="2023-08-15T12:28:14" hostname="CAROLINE-LAPTOP" time="0.046">
  <properties/>
  <testcase name="validatesOneHeroPerSquad()" classname="HeroTest" time="0.046"/>
  <system-out><![CDATA[]]></system-out>
  <system-err><![CDATA[]]></system-err>
</testsuite>
